<?xml version="1.0" encoding="UTF-8" standalone="yes"?>
<ns2:test-suite start="1515779082989" stop="1515779086627" version="1.4.23" xmlns:ns2="urn:model.allure.qatools.yandex.ru">
    <name>Test runner : Package with subpackages</name>
    <title>Test runner : Package with subpackages</title>
    <test-cases>
        <test-case start="1515779083379" stop="1515779086595" status="failed">
            <name>checkScoringWithPostRequestWithValidAllData</name>
            <description>GET /scoring/asdasd.ScoringStatus request with 1 valid organization and all types of org included. Response should be 200 and token in string</description>
            <failure>
                <message>AssertionError: expected [seems that we doesn`t recieved token, or it is not correct] but found [false]</message>
                <stack-trace>java.lang.AssertionError: expected [seems that we doesn`t recieved token, or it is not correct] but found [false]
	at org.testng.Assert.fail(Assert.java:96)
	at org.testng.Assert.failNotEquals(Assert.java:776)
	at org.testng.Assert.assertEqualsImpl(Assert.java:137)
	at org.testng.Assert.assertEquals(Assert.java:118)
	at org.testng.Assert.assertEquals(Assert.java:442)
	at testdata.asserts.ScoringStatusAsserts.assertResponse(ScoringStatusAsserts.java:14)
	at organizationstest.ScoringStatusTestSuit.checkScoringWithPostRequestWithValidAllData(ScoringStatusTestSuit.java:44)
	at sun.reflect.NativeMethodAccessorImpl.invoke0(Native Method)
	at sun.reflect.NativeMethodAccessorImpl.invoke(NativeMethodAccessorImpl.java:62)
	at sun.reflect.DelegatingMethodAccessorImpl.invoke(DelegatingMethodAccessorImpl.java:43)
	at java.lang.reflect.Method.invoke(Method.java:498)
	at org.testng.internal.MethodInvocationHelper.invokeMethod(MethodInvocationHelper.java:124)
	at org.testng.internal.Invoker.invokeMethod(Invoker.java:571)
	at org.testng.internal.Invoker.invokeTestMethod(Invoker.java:707)
	at org.testng.internal.Invoker.invokeTestMethods(Invoker.java:979)
	at org.testng.internal.TestMethodWorker.invokeTestMethods(TestMethodWorker.java:125)
	at org.testng.internal.TestMethodWorker.run(TestMethodWorker.java:109)
	at org.testng.TestRunner.privateRun(TestRunner.java:648)
	at org.testng.TestRunner.run(TestRunner.java:505)
	at org.testng.SuiteRunner.runTest(SuiteRunner.java:455)
	at org.testng.SuiteRunner.runSequentially(SuiteRunner.java:450)
	at org.testng.SuiteRunner.privateRun(SuiteRunner.java:415)
	at org.testng.SuiteRunner.run(SuiteRunner.java:364)
	at org.testng.SuiteRunnerWorker.runSuite(SuiteRunnerWorker.java:52)
	at org.testng.SuiteRunnerWorker.run(SuiteRunnerWorker.java:84)
	at org.testng.TestNG.runSuitesSequentially(TestNG.java:1187)
	at org.testng.TestNG.runSuitesLocally(TestNG.java:1116)
	at org.testng.TestNG.runSuites(TestNG.java:1028)
	at org.testng.TestNG.run(TestNG.java:996)
	at org.apache.maven.surefire.testng.TestNGExecutor.run(TestNGExecutor.java:283)
	at org.apache.maven.surefire.testng.TestNGXmlTestSuite.execute(TestNGXmlTestSuite.java:75)
	at org.apache.maven.surefire.testng.TestNGProvider.invoke(TestNGProvider.java:120)
	at org.apache.maven.surefire.booter.ForkedBooter.invokeProviderInSameClassLoader(ForkedBooter.java:373)
	at org.apache.maven.surefire.booter.ForkedBooter.runSuitesInProcess(ForkedBooter.java:334)
	at org.apache.maven.surefire.booter.ForkedBooter.execute(ForkedBooter.java:119)
	at org.apache.maven.surefire.booter.ForkedBooter.main(ForkedBooter.java:407)
</stack-trace>
            </failure>
            <steps/>
            <attachments>
                <attachment title="request" source="61e095ea-635f-4156-a887-be6f9becc7de-attachment.txt" type="text/plain"/>
                <attachment title="response" source="79f3e5b8-5137-41f2-a177-d97d76b099ad-attachment.html" type="text/html"/>
            </attachments>
            <labels>
                <label name="host" value="EPUALVIW0912"/>
                <label name="thread" value="19612@EPUALVIW0912.main(1)"/>
            </labels>
        </test-case>
    </test-cases>
    <labels>
        <label name="framework" value="TestNG"/>
        <label name="language" value="JAVA"/>
    </labels>
</ns2:test-suite>
