<?xml version="1.0" encoding="UTF-8"?>
<testng-results skipped="0" failed="1" ignored="0" total="1" passed="0">
  <reporter-output>
  </reporter-output>
  <suite name="Test runner" duration-ms="8315" started-at="2018-01-12T17:44:38Z" finished-at="2018-01-12T17:44:46Z">
    <groups>
    </groups>
    <test name="Package with subpackages" duration-ms="8315" started-at="2018-01-12T17:44:38Z" finished-at="2018-01-12T17:44:46Z">
      <class name="organizationstest.ScoringStatusTestSuit">
        <test-method status="PASS" signature="setupHttpClient()[pri:0, instance:organizationstest.ScoringStatusTestSuit@43e7f104]" name="setupHttpClient" is-config="true" duration-ms="19" started-at="2018-01-12T19:44:43Z" description="Configure Base Url before test" finished-at="2018-01-12T19:44:43Z">
          <reporter-output>
          </reporter-output>
        </test-method> <!-- setupHttpClient -->
        <test-method status="FAIL" signature="checkScoringWithPostRequestWithValidAllData()[pri:0, instance:organizationstest.ScoringStatusTestSuit@43e7f104]" name="checkScoringWithPostRequestWithValidAllData" duration-ms="2910" started-at="2018-01-12T19:44:43Z" description="GET /scoring/asdasd.ScoringStatus request with 1 valid organization and all types of org included. Response should be 200 and token in string" finished-at="2018-01-12T19:44:46Z">
          <exception class="java.lang.AssertionError">
            <message>
              <![CDATA[expected [seems that we doesn`t recieved token, or it is not correct] but found [false]]]>
            </message>
            <full-stacktrace>
              <![CDATA[java.lang.AssertionError: expected [seems that we doesn`t recieved token, or it is not correct] but found [false]at org.testng.Assert.fail(Assert.java:96)at org.testng.Assert.failNotEquals(Assert.java:776)at org.testng.Assert.assertEqualsImpl(Assert.java:137)at org.testng.Assert.assertEquals(Assert.java:118)at org.testng.Assert.assertEquals(Assert.java:442)at testdata.asserts.ScoringStatusAsserts.assertResponse(ScoringStatusAsserts.java:14)at organizationstest.ScoringStatusTestSuit.checkScoringWithPostRequestWithValidAllData(ScoringStatusTestSuit.java:44)at sun.reflect.NativeMethodAccessorImpl.invoke0(Native Method)at sun.reflect.NativeMethodAccessorImpl.invoke(NativeMethodAccessorImpl.java:62)at sun.reflect.DelegatingMethodAccessorImpl.invoke(DelegatingMethodAccessorImpl.java:43)at java.lang.reflect.Method.invoke(Method.java:498)at org.testng.internal.MethodInvocationHelper.invokeMethod(MethodInvocationHelper.java:124)at org.testng.internal.Invoker.invokeMethod(Invoker.java:571)at org.testng.internal.Invoker.invokeTestMethod(Invoker.java:707)at org.testng.internal.Invoker.invokeTestMethods(Invoker.java:979)at org.testng.internal.TestMethodWorker.invokeTestMethods(TestMethodWorker.java:125)at org.testng.internal.TestMethodWorker.run(TestMethodWorker.java:109)at org.testng.TestRunner.privateRun(TestRunner.java:648)at org.testng.TestRunner.run(TestRunner.java:505)at org.testng.SuiteRunner.runTest(SuiteRunner.java:455)at org.testng.SuiteRunner.runSequentially(SuiteRunner.java:450)at org.testng.SuiteRunner.privateRun(SuiteRunner.java:415)at org.testng.SuiteRunner.run(SuiteRunner.java:364)at org.testng.SuiteRunnerWorker.runSuite(SuiteRunnerWorker.java:52)at org.testng.SuiteRunnerWorker.run(SuiteRunnerWorker.java:84)at org.testng.TestNG.runSuitesSequentially(TestNG.java:1187)at org.testng.TestNG.runSuitesLocally(TestNG.java:1116)at org.testng.TestNG.runSuites(TestNG.java:1028)at org.testng.TestNG.run(TestNG.java:996)at org.apache.maven.surefire.testng.TestNGExecutor.run(TestNGExecutor.java:283)at org.apache.maven.surefire.testng.TestNGXmlTestSuite.execute(TestNGXmlTestSuite.java:75)at org.apache.maven.surefire.testng.TestNGProvider.invoke(TestNGProvider.java:120)at org.apache.maven.surefire.booter.ForkedBooter.invokeProviderInSameClassLoader(ForkedBooter.java:373)at org.apache.maven.surefire.booter.ForkedBooter.runSuitesInProcess(ForkedBooter.java:334)at org.apache.maven.surefire.booter.ForkedBooter.execute(ForkedBooter.java:119)at org.apache.maven.surefire.booter.ForkedBooter.main(ForkedBooter.java:407)]]>
            </full-stacktrace>
          </exception> <!-- java.lang.AssertionError -->
          <reporter-output>
          </reporter-output>
        </test-method> <!-- checkScoringWithPostRequestWithValidAllData -->
        <test-method status="PASS" signature="tearDownHttpClientTests()[pri:0, instance:organizationstest.ScoringStatusTestSuit@43e7f104]" name="tearDownHttpClientTests" is-config="true" duration-ms="1" started-at="2018-01-12T19:44:46Z" description="Reset Client Props after test" finished-at="2018-01-12T19:44:46Z">
          <reporter-output>
          </reporter-output>
        </test-method> <!-- tearDownHttpClientTests -->
      </class> <!-- organizationstest.ScoringStatusTestSuit -->
    </test> <!-- Package with subpackages -->
  </suite> <!-- Test runner -->
</testng-results>
